<?xml version="1.0" encoding="UTF-8"?>
<testsuite name="TestSuite" time="0.067" tests="8" errors="0" skipped="0" failures="8">
  <properties>
[...]
</properties>
  <testcase name="checkResponseBody" classname="com.employeeapi.testCases.TC001_Get_All_Employees" time="0.014">
    <failure type="junit.framework.AssertionFailedError:">junit.framework.AssertionFailedError: null
	at junit.framework.Assert.fail(Assert.java:48)
	at junit.framework.Assert.assertTrue(Assert.java:20)
	at junit.framework.Assert.assertTrue(Assert.java:27)
	at com.employeeapi.testCases.TC001_Get_All_Employees.checkResponseBody(TC001_Get_All_Employees.java:36)
</failure>
    <system-out><![CDATA[21-02-02 18:27:51 INFO :com.employeeapi.testCases.TC001_Get_All_Employees[getAllEmployees] **********Started TC001_Get_All_Employees ************ 
21-02-02 18:28:00 INFO :com.employeeapi.testCases.TC001_Get_All_Employees[checkResponseBody] ****** Checking response body******** 
21-02-02 18:28:00 INFO :com.employeeapi.testCases.TC001_Get_All_Employees[checkResponseBody] ********Failed to get the response******* 
]]></system-out>
    <system-err><![CDATA[SLF4J: Failed to load class "org.slf4j.impl.StaticLoggerBinder".
SLF4J: Defaulting to no-operation (NOP) logger implementation
SLF4J: See http://www.slf4j.org/codes.html#StaticLoggerBinder for further details.
]]></system-err>
  </testcase>
  <testcase name="checkStatusCode" classname="com.employeeapi.testCases.TC001_Get_All_Employees" time="0.003">
    <failure message="expected:&lt;200&gt; but was:&lt;429&gt;" type="junit.framework.AssertionFailedError"><![CDATA[junit.framework.AssertionFailedError: expected:<200> but was:<429>
	at junit.framework.Assert.fail(Assert.java:50)
	at junit.framework.Assert.failNotEquals(Assert.java:287)
	at junit.framework.Assert.assertEquals(Assert.java:67)
	at junit.framework.Assert.assertEquals(Assert.java:199)
	at junit.framework.Assert.assertEquals(Assert.java:205)
	at com.employeeapi.testCases.TC001_Get_All_Employees.checkStatusCode(TC001_Get_All_Employees.java:45)
]]></failure>
    <system-out><![CDATA[21-02-02 18:28:00 INFO :com.employeeapi.testCases.TC001_Get_All_Employees[checkStatusCode] **********Checking status code**************** 
21-02-02 18:28:00 INFO :com.employeeapi.testCases.TC001_Get_All_Employees[checkStatusCode] Status code==> 429 
]]></system-out>
  </testcase>
  <testcase name="checkResponseBody" classname="com.employeeapi.testCases.TC002_Get_Single_Employee" time="0.003">
    <failure type="junit.framework.AssertionFailedError:">junit.framework.AssertionFailedError: null
	at junit.framework.Assert.fail(Assert.java:48)
	at junit.framework.Assert.assertTrue(Assert.java:20)
	at junit.framework.Assert.assertTrue(Assert.java:27)
	at com.employeeapi.testCases.TC002_Get_Single_Employee.checkResponseBody(TC002_Get_Single_Employee.java:36)
</failure>
    <system-out><![CDATA[21-02-02 18:28:00 INFO :com.employeeapi.testCases.TC001_Get_All_Employees[tearDown] *********Finished TC001_Get_All_Employees************** 
21-02-02 18:28:00 INFO :com.employeeapi.testCases.TC002_Get_Single_Employee[getSingleEmployee] **********Started TC002_Get_Single_Employee ************ 
21-02-02 18:28:06 INFO :com.employeeapi.testCases.TC002_Get_Single_Employee[checkResponseBody] ****** Checking response body******** 
21-02-02 18:28:06 INFO :com.employeeapi.testCases.TC002_Get_Single_Employee[checkResponseBody] ********Failed to get the response******* 
]]></system-out>
  </testcase>
  <testcase name="checkStatusCode" classname="com.employeeapi.testCases.TC002_Get_Single_Employee" time="0.004">
    <failure message="expected:&lt;200&gt; but was:&lt;429&gt;" type="junit.framework.AssertionFailedError"><![CDATA[junit.framework.AssertionFailedError: expected:<200> but was:<429>
	at junit.framework.Assert.fail(Assert.java:50)
	at junit.framework.Assert.failNotEquals(Assert.java:287)
	at junit.framework.Assert.assertEquals(Assert.java:67)
	at junit.framework.Assert.assertEquals(Assert.java:199)
	at junit.framework.Assert.assertEquals(Assert.java:205)
	at com.employeeapi.testCases.TC002_Get_Single_Employee.checkStatusCode(TC002_Get_Single_Employee.java:45)
]]></failure>
    <system-out><![CDATA[21-02-02 18:28:06 INFO :com.employeeapi.testCases.TC002_Get_Single_Employee[checkStatusCode] **********Checking status code**************** 
21-02-02 18:28:06 INFO :com.employeeapi.testCases.TC002_Get_Single_Employee[checkStatusCode] Status code==> 429 
]]></system-out>
  </testcase>
  <testcase name="checkResponseBody" classname="com.employeeapi.testCases.TC003_Post_Employee" time="0.004">
    <failure type="junit.framework.AssertionFailedError:">junit.framework.AssertionFailedError: null
	at junit.framework.Assert.fail(Assert.java:48)
	at junit.framework.Assert.assertTrue(Assert.java:20)
	at junit.framework.Assert.assertTrue(Assert.java:27)
	at com.employeeapi.testCases.TC003_Post_Employee.checkResponseBody(TC003_Post_Employee.java:56)
</failure>
    <system-out><![CDATA[21-02-02 18:28:06 INFO :com.employeeapi.testCases.TC002_Get_Single_Employee[tearDown] *********Finished TC002_Get_Single_Employee************** 
21-02-02 18:28:06 INFO :com.employeeapi.testCases.TC003_Post_Employee[createEmployee] **********Started TC003_Post_Employee ************ 
21-02-02 18:28:12 INFO :com.employeeapi.testCases.TC003_Post_Employee[checkResponseBody] ****** Checking response body******** 
21-02-02 18:28:12 INFO :com.employeeapi.testCases.TC003_Post_Employee[checkResponseBody] ********Failed to get the response******* 
]]></system-out>
  </testcase>
  <testcase name="checkStatusCode" classname="com.employeeapi.testCases.TC003_Post_Employee" time="0.032">
    <failure message="expected:&lt;200&gt; but was:&lt;429&gt;" type="junit.framework.AssertionFailedError"><![CDATA[junit.framework.AssertionFailedError: expected:<200> but was:<429>
	at junit.framework.Assert.fail(Assert.java:50)
	at junit.framework.Assert.failNotEquals(Assert.java:287)
	at junit.framework.Assert.assertEquals(Assert.java:67)
	at junit.framework.Assert.assertEquals(Assert.java:199)
	at junit.framework.Assert.assertEquals(Assert.java:205)
	at com.employeeapi.testCases.TC003_Post_Employee.checkStatusCode(TC003_Post_Employee.java:65)
]]></failure>
    <system-out><![CDATA[21-02-02 18:28:12 INFO :com.employeeapi.testCases.TC003_Post_Employee[checkStatusCode] **********Checking status code**************** 
21-02-02 18:28:12 INFO :com.employeeapi.testCases.TC003_Post_Employee[checkStatusCode] Status code==> 429 
]]></system-out>
  </testcase>
  <testcase name="checkResponseBody" classname="com.employeeapi.testCases.TC004_Update_Employee" time="0.004">
    <failure type="junit.framework.AssertionFailedError:">junit.framework.AssertionFailedError: null
	at junit.framework.Assert.fail(Assert.java:48)
	at junit.framework.Assert.assertTrue(Assert.java:20)
	at junit.framework.Assert.assertTrue(Assert.java:27)
	at com.employeeapi.testCases.TC004_Update_Employee.checkResponseBody(TC004_Update_Employee.java:56)
</failure>
    <system-out><![CDATA[21-02-02 18:28:12 INFO :com.employeeapi.testCases.TC003_Post_Employee[tearDown] *********Finished TC003_Post_Employee************** 
21-02-02 18:28:12 INFO :com.employeeapi.testCases.TC004_Update_Employee[updateEmployee] **********Started TC004_Update_Employee ************ 
21-02-02 18:28:18 INFO :com.employeeapi.testCases.TC004_Update_Employee[checkResponseBody] ****** Checking response body******** 
21-02-02 18:28:18 INFO :com.employeeapi.testCases.TC004_Update_Employee[checkResponseBody] ********Failed to get the response******* 
]]></system-out>
  </testcase>
  <testcase name="checkStatusCode" classname="com.employeeapi.testCases.TC004_Update_Employee" time="0.003">
    <failure message="expected:&lt;200&gt; but was:&lt;405&gt;" type="junit.framework.AssertionFailedError"><![CDATA[junit.framework.AssertionFailedError: expected:<200> but was:<405>
	at junit.framework.Assert.fail(Assert.java:50)
	at junit.framework.Assert.failNotEquals(Assert.java:287)
	at junit.framework.Assert.assertEquals(Assert.java:67)
	at junit.framework.Assert.assertEquals(Assert.java:199)
	at junit.framework.Assert.assertEquals(Assert.java:205)
	at com.employeeapi.testCases.TC004_Update_Employee.checkStatusCode(TC004_Update_Employee.java:65)
]]></failure>
    <system-out><![CDATA[21-02-02 18:28:18 INFO :com.employeeapi.testCases.TC004_Update_Employee[checkStatusCode] **********Checking status code**************** 
21-02-02 18:28:18 INFO :com.employeeapi.testCases.TC004_Update_Employee[checkStatusCode] Status code==> 405 
]]></system-out>
  </testcase>
</testsuite>