<?xml version="1.0" encoding="UTF-8"?>
<!-- Generated by org.testng.reporters.JUnitXMLReporter -->
<testsuite hostname="DESKTOP-6QKPK6B" ignored="0" name="EmployeeRestAPITest" tests="8" failures="6" timestamp="02 Feb 2021 11:47:51 GMT" time="29.501" errors="0">
  <testcase name="checkResponseBody" time="0.014" classname="com.employeeapi.testCases.TC001_Get_All_Employees">
    <failure type="junit.framework.AssertionFailedError">
      <![CDATA[junit.framework.AssertionFailedError
at junit.framework.Assert.fail(Assert.java:48)
at junit.framework.Assert.assertTrue(Assert.java:20)
at junit.framework.Assert.assertTrue(Assert.java:27)
at com.employeeapi.testCases.TC001_Get_All_Employees.checkResponseBody(TC001_Get_All_Employees.java:36)
... Removed 25 stack frames]]>
    </failure>
  </testcase> <!-- checkResponseBody -->
  <testcase name="checkStatusCode" time="0.005" classname="com.employeeapi.testCases.TC001_Get_All_Employees">
    <failure type="junit.framework.AssertionFailedError" message="expected:&amp;lt;200&amp;gt; but was:&amp;lt;429&amp;gt;">
      <![CDATA[junit.framework.AssertionFailedError: expected:<200> but was:<429>
at junit.framework.Assert.fail(Assert.java:50)
at junit.framework.Assert.failNotEquals(Assert.java:287)
at junit.framework.Assert.assertEquals(Assert.java:67)
at junit.framework.Assert.assertEquals(Assert.java:199)
at junit.framework.Assert.assertEquals(Assert.java:205)
at com.employeeapi.testCases.TC001_Get_All_Employees.checkStatusCode(TC001_Get_All_Employees.java:45)
... Removed 25 stack frames]]>
    </failure>
  </testcase> <!-- checkStatusCode -->
  <testcase name="checkResponseBody" time="0.004" classname="com.employeeapi.testCases.TC002_Get_Single_Employee">
    <failure type="junit.framework.AssertionFailedError">
      <![CDATA[junit.framework.AssertionFailedError
at junit.framework.Assert.fail(Assert.java:48)
at junit.framework.Assert.assertTrue(Assert.java:20)
at junit.framework.Assert.assertTrue(Assert.java:27)
at com.employeeapi.testCases.TC002_Get_Single_Employee.checkResponseBody(TC002_Get_Single_Employee.java:36)
... Removed 25 stack frames]]>
    </failure>
  </testcase> <!-- checkResponseBody -->
  <testcase name="checkStatusCode" time="0.009" classname="com.employeeapi.testCases.TC002_Get_Single_Employee">
    <failure type="junit.framework.AssertionFailedError" message="expected:&amp;lt;200&amp;gt; but was:&amp;lt;429&amp;gt;">
      <![CDATA[junit.framework.AssertionFailedError: expected:<200> but was:<429>
at junit.framework.Assert.fail(Assert.java:50)
at junit.framework.Assert.failNotEquals(Assert.java:287)
at junit.framework.Assert.assertEquals(Assert.java:67)
at junit.framework.Assert.assertEquals(Assert.java:199)
at junit.framework.Assert.assertEquals(Assert.java:205)
at com.employeeapi.testCases.TC002_Get_Single_Employee.checkStatusCode(TC002_Get_Single_Employee.java:45)
... Removed 25 stack frames]]>
    </failure>
  </testcase> <!-- checkStatusCode -->
  <testcase name="checkResponseBody" time="0.017" classname="com.employeeapi.testCases.TC003_Post_Employee"/>
  <testcase name="checkStatusCode" time="0.007" classname="com.employeeapi.testCases.TC003_Post_Employee"/>
  <testcase name="checkResponseBody" time="0.002" classname="com.employeeapi.testCases.TC004_Update_Employee">
    <failure type="junit.framework.AssertionFailedError">
      <![CDATA[junit.framework.AssertionFailedError
at junit.framework.Assert.fail(Assert.java:48)
at junit.framework.Assert.assertTrue(Assert.java:20)
at junit.framework.Assert.assertTrue(Assert.java:27)
at com.employeeapi.testCases.TC004_Update_Employee.checkResponseBody(TC004_Update_Employee.java:56)
... Removed 25 stack frames]]>
    </failure>
  </testcase> <!-- checkResponseBody -->
  <testcase name="checkStatusCode" time="0.005" classname="com.employeeapi.testCases.TC004_Update_Employee">
    <failure type="junit.framework.AssertionFailedError" message="expected:&amp;lt;200&amp;gt; but was:&amp;lt;405&amp;gt;">
      <![CDATA[junit.framework.AssertionFailedError: expected:<200> but was:<405>
at junit.framework.Assert.fail(Assert.java:50)
at junit.framework.Assert.failNotEquals(Assert.java:287)
at junit.framework.Assert.assertEquals(Assert.java:67)
at junit.framework.Assert.assertEquals(Assert.java:199)
at junit.framework.Assert.assertEquals(Assert.java:205)
at com.employeeapi.testCases.TC004_Update_Employee.checkStatusCode(TC004_Update_Employee.java:65)
... Removed 25 stack frames]]>
    </failure>
  </testcase> <!-- checkStatusCode -->
</testsuite> <!-- EmployeeRestAPITest -->
